2025-10-22 18:16:29,568 - INFO - Starting video list update...
2025-10-22 18:16:32,298 - ERROR - Error extracting channel ID: ERROR: [youtube] 6nvRaMn-jsw: Sign in to confirm youтАЩre not a bot. Use --cookies-from-browser or --cookies for the authentication. See  https://github.com/yt-dlp/yt-dlp/wiki/FAQ#how-do-i-pass-cookies-to-yt-dlp  for how to manually pass cookies. Also see  https://github.com/yt-dlp/yt-dlp/wiki/Extractors#exporting-youtube-cookies  for tips on effectively exporting YouTube cookies
2025-10-22 18:16:32,304 - ERROR - Could not extract channel ID
2025-10-22 18:17:46,505 - INFO - Starting video list update...
2025-10-22 18:17:46,793 - INFO - Found channel ID: UCLXC98YXDDPoaVEQsWPg4ow
2025-10-22 18:17:47,067 - INFO - Fetched 41 videos from YouTube API
2025-10-22 18:17:47,074 - INFO - Found 41 new videos
2025-10-22 18:17:47,075 - INFO - Master list updated successfully
2025-10-22 18:17:47,075 - INFO - тЬЕ Successfully added 41 new videos
2025-10-22 18:17:47,075 - INFO - ЁЯУК Total videos in master list: 42
2025-10-22 18:17:47,075 - INFO - ЁЯЖХ New: I am accepting Islam, if... рдореИрдВ рдЗрд╕реНрд▓рд╛рдо рд╕реНрд╡реАрдХрд╛рд░ рдХрд░ рд░рд╣рд╛ рд╣реВрдБ, рдЕрдЧрд░... (2025-10-18)
2025-10-22 18:17:47,076 - INFO - ЁЯЖХ New: Ex-Khalistani Sangha with Exmuslim Adam Seeker - Punjabi Stream @TheSanghaShow (2025-10-15)
2025-10-22 18:17:47,076 - INFO - ЁЯЖХ New: Adam Seeker Vs Grok AI (2025-10-12)
2025-10-22 18:17:47,076 - INFO - ЁЯЖХ New: Insaan bada ya Allah? рдЗрдиреНрд╕рд╛рди рдмрдбрд╝рд╛ рдпрд╛ рдЕрд▓реНрд▓рд╛рд╣? (2025-10-11)
2025-10-22 18:17:47,076 - INFO - ЁЯЖХ New: Oct 7th Remembering attack on Israel - 7 рдЕрдХреНрдЯреВрдмрд░ рдХреЛ рдЗрдЬрд╝рд░рд╛рдЗрд▓ рдкрд░ рд╣рдорд▓реЗ рдХреЛ рдпрд╛рдж рдХрд░рддреЗ рд╣реБрдП (2025-10-08)
2025-10-22 18:17:47,076 - INFO - ЁЯЖХ New: Misconception of Islam debunked - рдЗрд╕реНрд▓рд╛рдо рдХреЗ рдмрд╛рд░реЗ рдореЗрдВ рдЧрд▓рдд рдзрд╛рд░рдгрд╛ рдХрд╛ рдЦрдВрдбрди (2025-10-04)
2025-10-22 18:17:47,076 - INFO - ЁЯЖХ New: Rev. Tony William Exposed and Debate Challenge by Adam Seeker (2025-10-03)
2025-10-22 18:17:47,076 - INFO - ЁЯЖХ New: Extremism and cultish behavior -  рдЕрддреНрдпрдВрддрд╡рд╛рдж рдФрд░ рдкрдВрдердкрд░рд╕реНрдд рд╡реНрдпрд╡рд╣рд╛рд░ (2025-10-01)
2025-10-22 18:17:47,076 - INFO - ЁЯЖХ New: I love Muhammad - Limitation of Allah - рдореИрдВ рдореБрд╣рдореНрдордж рд╕реЗ рдкреНрдпрд╛рд░ рдХрд░рддрд╛ рд╣реВрдБ - рдЕрд▓реНрд▓рд╛рд╣ рдХреА рд╕реАрдорд╛ (2025-09-27)
2025-10-22 18:17:47,076 - INFO - ЁЯЖХ New: Allah the God of perhaps - рдЕрд▓реНрд▓рд╛рд╣ рд╢рд╛рдпрдж рдХрд╛ рдИрд╢реНрд╡рд░ рд╣реИ - ╪з┘Д┘Д█Б ╪┤╪з█М╪п ┌й╪з ╪о╪п╪з (2025-09-24)
2025-10-22 18:17:47,076 - INFO - ЁЯЖХ New: Islamic Dilemma - рдЗрд╕реНрд▓рд╛рдорд┐рдХ рджреБрд╡рд┐рдзрд╛ @GodLogicApologetics (2025-09-20)
2025-10-22 18:17:47,076 - INFO - ЁЯЖХ New: I am The Original Quran Only Christian - Prove me Wrong (2025-09-17)
2025-10-22 18:17:47,076 - INFO - ЁЯЖХ New: Islamic extremism and censorship - рдЗрд╕реНрд▓рд╛рдореА рдЪрд░рдордкрдВрде рдФрд░ рд╕реЗрдВрд╕рд░рд╢рд┐рдк (2025-09-13)
2025-10-22 18:17:47,076 - INFO - ЁЯЖХ New: Attack of Elephants - рд╣рд╛рдерд┐рдпреЛрдВ рдХрд╛ рд╣рдорд▓рд╛ - ╪│┘И╪▒╪й ╪з┘Д┘Б┘К┘Д (2025-09-10)
2025-10-22 18:17:47,076 - INFO - ЁЯЖХ New: рд╢реИрддрд╛рди рдХрд╛ рд╕рдВрджреЗрд╢ - the devil's whisper (2025-09-06)
2025-10-22 18:17:47,076 - INFO - ЁЯЖХ New: Open Challenge, prove me wrong (2025-09-03)
2025-10-22 18:17:47,076 - INFO - ЁЯЖХ New: Gumrah postman to messenger -  рдЧреБрдорд░рд╛рд╣ рдбрд╛рдХрд┐рдпрд╛ рд╕реЗ рд╕рдВрджреЗрд╢рд╡рд╛рд╣рдХ рддрдХ (2025-08-30)
2025-10-22 18:17:47,076 - INFO - ЁЯЖХ New: Why Engineer Muhammad Mirza arrested - рдЗрдВрдЬреАрдирд┐рдпрд░ рдореБрд╣рдореНрдордж рдорд┐рд░реНрдЬрд╝рд╛ рдХреЛ рдХреНрдпреЛрдВ рдЧрд┐рд░рдлреНрддрд╛рд░ рдХрд┐рдпрд╛ рдЧрдпрд╛? (2025-08-27)
2025-10-22 18:17:47,076 - INFO - ЁЯЖХ New: Divine messenger proved - рджрд┐рд╡реНрдп рджреВрдд рд╕рд┐рджреНрдз (2025-08-23)
2025-10-22 18:17:47,076 - INFO - ЁЯЖХ New: Postman's blending of two cultures - рдбрд╛рдХрд┐рдпрд╛ рджреНрд╡рд╛рд░рд╛ рджреЛ рд╕рдВрд╕реНрдХреГрддрд┐рдпреЛрдВ рдХрд╛ рд╕рдореНрдорд┐рд╢реНрд░рдг (2025-08-20)
2025-10-22 18:17:47,076 - INFO - ЁЯЖХ New: Story of innocent postman  - рдорд╛рд╕реВрдо рдбрд╛рдХрд┐рдпрд╛ рдХреА рдХрд╣рд╛рдиреА (2025-08-16)
2025-10-22 18:17:47,076 - INFO - ЁЯЖХ New: Story Time - рдХрд╣рд╛рдиреА рдХреА рд╕рдордп (2025-08-13)
2025-10-22 18:17:47,076 - INFO - ЁЯЖХ New: Islam and lie - рдЗрд╕реНрд▓рд╛рдо рдФрд░ рдЭреВрда (2025-08-09)
2025-10-22 18:17:47,076 - INFO - ЁЯЖХ New: Islam the best deen (2025-08-02)
2025-10-22 18:17:47,076 - INFO - ЁЯЖХ New: Muhammad found in Bible? рдХреНрдпрд╛ рдмрд╛рдЗрдмрд▓ рдореЗрдВ рдореБрд╣рдореНрдордж рдХреЗ рдмрд╛рд░реЗ рдореЗрдВ рднрд╡рд┐рд╖реНрдпрд╡рд╛рдгреА рдХреА рдЧрдИ рд╣реИ? (2025-07-27)
2025-10-22 18:17:47,076 - INFO - ЁЯЖХ New: Crypto Blood in Market (2025-01-28)
2025-10-22 18:17:47,076 - INFO - ЁЯЖХ New: Warning to BRICS by Trump on inauguration day (2025-01-21)
2025-10-22 18:17:47,076 - INFO - ЁЯЖХ New: BRICS and the decline of dollar (2025-01-16)
2025-10-22 18:17:47,076 - INFO - ЁЯЖХ New: How to generate passive Income @TheRamseyShow (2025-01-10)
2025-10-22 18:17:47,076 - INFO - ЁЯЖХ New: Get Rich in 2025 - Scam or Reality? (2025-01-09)
2025-10-22 18:17:47,076 - INFO - ЁЯЖХ New: Tackle Inflation with Good money vs Bad money (2024-12-26)
2025-10-22 18:17:47,076 - INFO - ЁЯЖХ New: Scared Of Future? || Answer for your Financial Struggle (Hindi / Urdu) (2024-12-18)
2025-10-22 18:17:47,076 - INFO - ЁЯЖХ New: Get out of Rat race and be rich (2024-12-16)
2025-10-22 18:17:47,076 - INFO - ЁЯЖХ New: Get rich with passive Income - рдкреИрд╕рд┐рд╡ рдЗрдирдХрдо рд╕реЗ рдЕрдореАрд░ рдмрдиреЗрдВ (2024-12-12)
2025-10-22 18:17:47,076 - INFO - ЁЯЖХ New: ETF Vs Mutual Funds - Basics 101 (2024-12-10)
2025-10-22 18:17:47,076 - INFO - ЁЯЖХ New: Stock vs ETF - Basics 101 (2024-12-09)
2025-10-22 18:17:47,077 - INFO - ЁЯЖХ New: Teenage Step - for your Financial Independence (2024-12-07)
2025-10-22 18:17:47,077 - INFO - ЁЯЖХ New: Financial Independence with Adam Seeker (2024-12-06)
2025-10-22 18:17:47,077 - INFO - ЁЯЖХ New: Baby Step - you Questioned, I Answered. (2024-12-05)
2025-10-22 18:17:47,077 - INFO - ЁЯЖХ New: Baby Step - for your Financial Independence (2024-12-04)
2025-10-22 18:17:47,077 - INFO - ЁЯЖХ New: Intro (2024-12-03)
2025-10-22 18:34:32,870 - INFO - ЁЯФС YouTube API key provided: AIzaSyAtD1...
2025-10-22 18:34:32,871 - INFO - ЁЯЪА Starting video list update...
2025-10-22 18:34:32,872 - INFO - ЁЯУК Current master list has 42 existing videos
2025-10-22 18:34:32,872 - INFO - ЁЯФС Using YouTube Data API to get channel ID
2025-10-22 18:34:33,122 - INFO - тЬЕ Found channel ID via API: UCLXC98YXDDPoaVEQsWPg4ow
2025-10-22 18:34:33,125 - INFO - ЁЯФС Using YouTube Data API for video discovery
2025-10-22 18:34:33,126 - INFO - ЁЯФС Fetching videos using YouTube Data API v3 (max: 50)
2025-10-22 18:34:33,306 - INFO - ЁЯУ║ Found uploads playlist: UULXC98YXDDPoaVEQsWPg4ow
2025-10-22 18:34:33,558 - INFO - тЬЕ Successfully fetched 41 videos from YouTube Data API
2025-10-22 18:34:33,560 - INFO - ЁЯФН Found 0 new videos (filtered from 41 total)
2025-10-22 18:34:33,562 - INFO - Master list updated successfully
2025-10-22 18:34:33,562 - INFO - тД╣я╕П No new videos found
2025-10-22 18:34:38,442 - INFO - тЪая╕П  No YouTube API key provided - will use yt-dlp fallback
2025-10-22 18:34:38,443 - INFO - ЁЯЪА Starting video list update...
2025-10-22 18:34:38,443 - INFO - ЁЯУК Current master list has 42 existing videos
2025-10-22 18:34:38,443 - INFO - ЁЯФД No API key provided, falling back to yt-dlp for channel ID
2025-10-22 18:34:40,840 - ERROR - тЭМ Error extracting channel ID with yt-dlp: ERROR: [youtube] 6nvRaMn-jsw: Sign in to confirm youтАЩre not a bot. Use --cookies-from-browser or --cookies for the authentication. See  https://github.com/yt-dlp/yt-dlp/wiki/FAQ#how-do-i-pass-cookies-to-yt-dlp  for how to manually pass cookies. Also see  https://github.com/yt-dlp/yt-dlp/wiki/Extractors#exporting-youtube-cookies  for tips on effectively exporting YouTube cookies
2025-10-22 18:34:40,842 - ERROR - тЭМ Could not extract channel ID
2025-10-22 18:34:40,842 - INFO - тД╣я╕П No new videos found
2025-10-22 18:38:20,569 - INFO - ЁЯФС YouTube API key provided: AIzaSyAtD1...
2025-10-22 18:38:20,569 - INFO - ЁЯЪА Starting video list update...
2025-10-22 18:38:20,570 - INFO - ЁЯУК Current master list has 42 existing videos
2025-10-22 18:38:20,570 - INFO - ЁЯФС Using YouTube Data API to get channel ID
2025-10-22 18:38:20,869 - INFO - тЬЕ Found channel ID via API: UCLXC98YXDDPoaVEQsWPg4ow
2025-10-22 18:38:20,870 - INFO - ЁЯФС Using YouTube Data API for video discovery
2025-10-22 18:38:20,870 - INFO - ЁЯФС Fetching videos using YouTube Data API v3 (max: 50)
2025-10-22 18:38:20,966 - INFO - ЁЯУ║ Found uploads playlist: UULXC98YXDDPoaVEQsWPg4ow
2025-10-22 18:38:21,124 - INFO - тЬЕ Successfully fetched 41 videos from YouTube Data API
2025-10-22 18:38:21,126 - INFO - ЁЯФН Found 0 new videos (filtered from 41 total)
2025-10-22 18:38:21,127 - INFO - Master list updated successfully
2025-10-22 18:38:21,128 - INFO - тД╣я╕П No new videos found
2025-10-22 19:48:12,377 - INFO - ЁЯФД Rebuild mode requested - delegating to rebuild script
2025-10-23 06:02:49,880 - INFO - ЁЯФС YouTube API key provided: AIzaSyAtD1...
2025-10-23 06:02:49,880 - INFO - ЁЯЪА Starting video list update...
2025-10-23 06:02:49,880 - INFO - ЁЯУК Current master list has 41 existing videos
2025-10-23 06:02:49,881 - INFO - ЁЯФС Using YouTube Data API to get channel ID
2025-10-23 06:02:50,229 - INFO - тЬЕ Found channel ID via API: UCLXC98YXDDPoaVEQsWPg4ow
2025-10-23 06:02:50,230 - INFO - ЁЯФС Using YouTube Data API for video discovery
2025-10-23 06:02:50,230 - INFO - ЁЯФС Fetching videos using YouTube Data API v3 (max: 50)
2025-10-23 06:02:50,363 - INFO - ЁЯУ║ Found uploads playlist: UULXC98YXDDPoaVEQsWPg4ow
2025-10-23 06:02:50,643 - INFO - тЬЕ Successfully fetched 41 videos from YouTube Data API
2025-10-23 06:02:50,644 - INFO - ЁЯФН Found 0 new videos (filtered from 41 total)
2025-10-23 06:02:50,645 - INFO - Master list updated successfully
2025-10-23 06:02:50,645 - INFO - тД╣я╕П No new videos found
